[debug] [2022-08-11T00:21:19.714Z] ----------------------------------------------------------------------
[debug] [2022-08-11T00:21:19.715Z] Command:       /home/jeremy/.nvm/versions/node/v18.4.0/bin/node /home/jeremy/.nvm/versions/node/v18.4.0/bin/firebase emulators:start --only auth
[debug] [2022-08-11T00:21:19.716Z] CLI Version:   11.4.2
[debug] [2022-08-11T00:21:19.716Z] Platform:      linux
[debug] [2022-08-11T00:21:19.716Z] Node Version:  v18.4.0
[debug] [2022-08-11T00:21:19.716Z] Time:          Wed Aug 10 2022 19:21:19 GMT-0500 (Central Daylight Time)
[debug] [2022-08-11T00:21:19.716Z] ----------------------------------------------------------------------
[debug] 
[debug] [2022-08-11T00:21:19.786Z] > command requires scopes: ["email","openid","https://www.googleapis.com/auth/cloudplatformprojects.readonly","https://www.googleapis.com/auth/firebase","https://www.googleapis.com/auth/cloud-platform"]
[debug] [2022-08-11T00:21:19.787Z] > authorizing via signed-in user (sjeremytupas@gmail.com)
[info] i  emulators: Starting emulators: auth {"metadata":{"emulator":{"name":"hub"},"message":"Starting emulators: auth"}}
[debug] [2022-08-11T00:21:19.850Z] [hub] writing locator at /tmp/hub-shopping-cart-27e1d.json
[info] i  ui: downloading ui-v1.8.1.zip... {"metadata":{"emulator":{"name":"ui"},"message":"downloading ui-v1.8.1.zip..."}}
[debug] [2022-08-11T00:21:25.099Z] >>> [apiv2][query] GET https://storage.googleapis.com/firebase-preview-drop/emulator/ui-v1.8.1.zip 
[debug] [2022-08-11T00:21:25.203Z] <<< [apiv2][status] GET https://storage.googleapis.com/firebase-preview-drop/emulator/ui-v1.8.1.zip 200
[debug] [2022-08-11T00:21:25.203Z] <<< [apiv2][body] GET https://storage.googleapis.com/firebase-preview-drop/emulator/ui-v1.8.1.zip [stream]
[debug] [2022-08-11T00:21:25.876Z] Ignoring unsupported arg: auto_download {"metadata":{"emulator":{"name":"ui"},"message":"Ignoring unsupported arg: auto_download"}}
[debug] [2022-08-11T00:21:25.877Z] Ignoring unsupported arg: port {"metadata":{"emulator":{"name":"ui"},"message":"Ignoring unsupported arg: port"}}
[debug] [2022-08-11T00:21:25.877Z] Starting Emulator UI with command {"binary":"node","args":["/home/jeremy/.cache/firebase/emulators/ui-v1.8.1/server/server.js"],"optionalArgs":[],"joinArgs":false} {"metadata":{"emulator":{"name":"ui"},"message":"Starting Emulator UI with command {\"binary\":\"node\",\"args\":[\"/home/jeremy/.cache/firebase/emulators/ui-v1.8.1/server/server.js\"],\"optionalArgs\":[],\"joinArgs\":false}"}}
[info] i  ui: Emulator UI logging to ui-debug.log {"metadata":{"emulator":{"name":"ui"},"message":"Emulator UI logging to \u001b[1mui-debug.log\u001b[22m"}}
[debug] [2022-08-11T00:21:25.970Z] Web / API server started at localhost:4000
 {"metadata":{"emulator":{"name":"ui"},"message":"Web / API server started at localhost:4000\n"}}
[info] 
┌─────────────────────────────────────────────────────────────┐
│ ✔  All emulators ready! It is now safe to connect your app. │
│ i  View Emulator UI at http://localhost:4000                │
└─────────────────────────────────────────────────────────────┘

┌────────────────┬────────────────┬────────────────────────────┐
│ Emulator       │ Host:Port      │ View in Emulator UI        │
├────────────────┼────────────────┼────────────────────────────┤
│ Authentication │ localhost:9099 │ http://localhost:4000/auth │
└────────────────┴────────────────┴────────────────────────────┘
  Emulator Hub running at localhost:4400
  Other reserved ports: 4500

Issues? Report them at https://github.com/firebase/firebase-tools/issues and attach the *-debug.log files.
 
